<?xml version="1.0" encoding="UTF-8"?>
<testng-results ignored="0" total="1" passed="1" failed="0" skipped="0">
  <reporter-output>
  </reporter-output>
  <suite started-at="2021-06-19T19:00:25 IST" name="Default suite" finished-at="2021-06-19T19:00:53 IST" duration-ms="28627">
    <groups>
    </groups>
    <test started-at="2021-06-19T19:00:25 IST" name="Default test" finished-at="2021-06-19T19:00:53 IST" duration-ms="28627">
      <class name="seleniumCucumber.CucumberDemoClass">
        <test-method signature="setUp()[pri:0, instance:seleniumCucumber.CucumberDemoClass@20d28811]" started-at="2021-06-19T19:00:25 IST" name="setUp" finished-at="2021-06-19T19:00:53 IST" duration-ms="28487" status="PASS">
          <reporter-output>
          </reporter-output>
        </test-method> <!-- setUp -->
      </class> <!-- seleniumCucumber.CucumberDemoClass -->
    </test> <!-- Default test -->
  </suite> <!-- Default suite -->
</testng-results>
